GROUP,PACKAGE,CLASS,INSTRUCTION_MISSED,INSTRUCTION_COVERED,BRANCH_MISSED,BRANCH_COVERED,LINE_MISSED,LINE_COVERED,COMPLEXITY_MISSED,COMPLEXITY_COVERED,METHOD_MISSED,METHOD_COVERED
demo,com.example.springboot.demo,BookService,2,3,0,0,1,1,1,1,1,1
demo,com.example.springboot.demo,LibService,0,7,0,0,0,2,0,2,0,2
demo,com.example.springboot.demo,BookController,103,3,6,0,16,1,8,1,5,1
demo,com.example.springboot.demo,Book,27,30,0,0,3,13,3,6,3,6
demo,com.example.springboot.demo,BookDoesNotExistException,7,0,0,0,4,0,2,0,2,0
demo,com.example.springboot.demo,DemoApplication,5,3,0,0,2,1,1,1,1,1
